Generated at 2014-10-28 16:22:03 -0700
LoadError: machine[mario] (@recipe_files::/Users/jkeiser/src/chef-provisioning/docs/examples/simple.rb line 3) had an error: LoadError: cannot load such file -- chef_provisioning/driver
/Users/jkeiser/.rbenv/versions/2.1.2/lib/ruby/2.1.0/rubygems/core_ext/kernel_require.rb:126:in `require'
/Users/jkeiser/.rbenv/versions/2.1.2/lib/ruby/2.1.0/rubygems/core_ext/kernel_require.rb:126:in `require'
/Users/jkeiser/.rbenv/versions/2.1.2/lib/ruby/gems/2.1.0/gems/chef-metal-0.15/lib/chef_metal/driver.rb:1:in `<top (required)>'
/Users/jkeiser/.rbenv/versions/2.1.2/lib/ruby/2.1.0/rubygems/core_ext/kernel_require.rb:73:in `require'
/Users/jkeiser/.rbenv/versions/2.1.2/lib/ruby/2.1.0/rubygems/core_ext/kernel_require.rb:73:in `require'
/Users/jkeiser/.rbenv/versions/2.1.2/lib/ruby/gems/2.1.0/gems/chef-metal-fog-0.9/lib/chef_metal_fog/fog_driver.rb:1:in `<top (required)>'
/Users/jkeiser/.rbenv/versions/2.1.2/lib/ruby/2.1.0/rubygems/core_ext/kernel_require.rb:73:in `require'
/Users/jkeiser/.rbenv/versions/2.1.2/lib/ruby/2.1.0/rubygems/core_ext/kernel_require.rb:73:in `require'
/Users/jkeiser/.rbenv/versions/2.1.2/lib/ruby/gems/2.1.0/gems/chef-metal-fog-0.9/lib/chef_metal/driver_init/fog.rb:1:in `<top (required)>'
/Users/jkeiser/.rbenv/versions/2.1.2/lib/ruby/2.1.0/rubygems/core_ext/kernel_require.rb:135:in `require'
/Users/jkeiser/.rbenv/versions/2.1.2/lib/ruby/2.1.0/rubygems/core_ext/kernel_require.rb:135:in `rescue in require'
/Users/jkeiser/.rbenv/versions/2.1.2/lib/ruby/2.1.0/rubygems/core_ext/kernel_require.rb:144:in `require'
/Users/jkeiser/.rbenv/versions/2.1.2/lib/ruby/gems/2.1.0/gems/chef-provisioning-0.15/lib/chef/provisioning.rb:49:in `rescue in driver_for_url'
/Users/jkeiser/.rbenv/versions/2.1.2/lib/ruby/gems/2.1.0/gems/chef-provisioning-0.15/lib/chef/provisioning.rb:46:in `driver_for_url'
/Users/jkeiser/.rbenv/versions/2.1.2/lib/ruby/gems/2.1.0/gems/chef-provisioning-0.15/lib/chef/provisioning/chef_run_data.rb:98:in `driver_for_url'
/Users/jkeiser/.rbenv/versions/2.1.2/lib/ruby/gems/2.1.0/gems/chef-provisioning-0.15/lib/chef/provisioning/chef_run_data.rb:77:in `driver_for'
/Users/jkeiser/.rbenv/versions/2.1.2/lib/ruby/gems/2.1.0/gems/chef-provisioning-0.15/lib/chef/provider/machine.rb:95:in `current_driver'
/Users/jkeiser/.rbenv/versions/2.1.2/lib/ruby/gems/2.1.0/gems/chef-provisioning-0.15/lib/chef/provider/machine.rb:22:in `block in <class:Machine>'
/Users/jkeiser/.rbenv/versions/2.1.2/lib/ruby/gems/2.1.0/gems/chef-11.16.4/lib/chef/provider/lwrp_base.rb:60:in `instance_eval'
/Users/jkeiser/.rbenv/versions/2.1.2/lib/ruby/gems/2.1.0/gems/chef-11.16.4/lib/chef/provider/lwrp_base.rb:60:in `recipe_eval_with_update_check'
/Users/jkeiser/.rbenv/versions/2.1.2/lib/ruby/gems/2.1.0/gems/chef-11.16.4/lib/chef/provider/lwrp_base.rb:45:in `block in action'
/Users/jkeiser/.rbenv/versions/2.1.2/lib/ruby/gems/2.1.0/gems/chef-provisioning-0.15/lib/chef/provider/machine.rb:33:in `block in <class:Machine>'
/Users/jkeiser/.rbenv/versions/2.1.2/lib/ruby/gems/2.1.0/gems/chef-11.16.4/lib/chef/provider/lwrp_base.rb:60:in `instance_eval'
/Users/jkeiser/.rbenv/versions/2.1.2/lib/ruby/gems/2.1.0/gems/chef-11.16.4/lib/chef/provider/lwrp_base.rb:60:in `recipe_eval_with_update_check'
/Users/jkeiser/.rbenv/versions/2.1.2/lib/ruby/gems/2.1.0/gems/chef-11.16.4/lib/chef/provider/lwrp_base.rb:45:in `block in action'
/Users/jkeiser/.rbenv/versions/2.1.2/lib/ruby/gems/2.1.0/gems/chef-provisioning-0.15/lib/chef/provider/machine.rb:51:in `block in <class:Machine>'
/Users/jkeiser/.rbenv/versions/2.1.2/lib/ruby/gems/2.1.0/gems/chef-11.16.4/lib/chef/provider/lwrp_base.rb:60:in `instance_eval'
/Users/jkeiser/.rbenv/versions/2.1.2/lib/ruby/gems/2.1.0/gems/chef-11.16.4/lib/chef/provider/lwrp_base.rb:60:in `recipe_eval_with_update_check'
/Users/jkeiser/.rbenv/versions/2.1.2/lib/ruby/gems/2.1.0/gems/chef-11.16.4/lib/chef/provider/lwrp_base.rb:45:in `block in action'
/Users/jkeiser/.rbenv/versions/2.1.2/lib/ruby/gems/2.1.0/gems/chef-11.16.4/lib/chef/provider.rb:121:in `run_action'
/Users/jkeiser/.rbenv/versions/2.1.2/lib/ruby/gems/2.1.0/gems/chef-11.16.4/lib/chef/resource.rb:648:in `run_action'
/Users/jkeiser/.rbenv/versions/2.1.2/lib/ruby/gems/2.1.0/gems/chef-11.16.4/lib/chef/runner.rb:49:in `run_action'
/Users/jkeiser/.rbenv/versions/2.1.2/lib/ruby/gems/2.1.0/gems/chef-11.16.4/lib/chef/runner.rb:81:in `block (2 levels) in converge'
/Users/jkeiser/.rbenv/versions/2.1.2/lib/ruby/gems/2.1.0/gems/chef-11.16.4/lib/chef/runner.rb:81:in `each'
/Users/jkeiser/.rbenv/versions/2.1.2/lib/ruby/gems/2.1.0/gems/chef-11.16.4/lib/chef/runner.rb:81:in `block in converge'
/Users/jkeiser/.rbenv/versions/2.1.2/lib/ruby/gems/2.1.0/gems/chef-11.16.4/lib/chef/resource_collection.rb:98:in `block in execute_each_resource'
/Users/jkeiser/.rbenv/versions/2.1.2/lib/ruby/gems/2.1.0/gems/chef-11.16.4/lib/chef/resource_collection/stepable_iterator.rb:116:in `call'
/Users/jkeiser/.rbenv/versions/2.1.2/lib/ruby/gems/2.1.0/gems/chef-11.16.4/lib/chef/resource_collection/stepable_iterator.rb:116:in `call_iterator_block'
/Users/jkeiser/.rbenv/versions/2.1.2/lib/ruby/gems/2.1.0/gems/chef-11.16.4/lib/chef/resource_collection/stepable_iterator.rb:85:in `step'
/Users/jkeiser/.rbenv/versions/2.1.2/lib/ruby/gems/2.1.0/gems/chef-11.16.4/lib/chef/resource_collection/stepable_iterator.rb:104:in `iterate'
/Users/jkeiser/.rbenv/versions/2.1.2/lib/ruby/gems/2.1.0/gems/chef-11.16.4/lib/chef/resource_collection/stepable_iterator.rb:55:in `each_with_index'
/Users/jkeiser/.rbenv/versions/2.1.2/lib/ruby/gems/2.1.0/gems/chef-11.16.4/lib/chef/resource_collection.rb:96:in `execute_each_resource'
/Users/jkeiser/.rbenv/versions/2.1.2/lib/ruby/gems/2.1.0/gems/chef-11.16.4/lib/chef/runner.rb:80:in `converge'
/Users/jkeiser/.rbenv/versions/2.1.2/lib/ruby/gems/2.1.0/gems/chef-11.16.4/lib/chef/client.rb:345:in `converge'
/Users/jkeiser/.rbenv/versions/2.1.2/lib/ruby/gems/2.1.0/gems/chef-11.16.4/lib/chef/client.rb:431:in `do_run'
/Users/jkeiser/.rbenv/versions/2.1.2/lib/ruby/gems/2.1.0/gems/chef-11.16.4/lib/chef/client.rb:213:in `block in run'
/Users/jkeiser/.rbenv/versions/2.1.2/lib/ruby/gems/2.1.0/gems/chef-11.16.4/lib/chef/client.rb:207:in `fork'
/Users/jkeiser/.rbenv/versions/2.1.2/lib/ruby/gems/2.1.0/gems/chef-11.16.4/lib/chef/client.rb:207:in `run'
/Users/jkeiser/.rbenv/versions/2.1.2/lib/ruby/gems/2.1.0/gems/chef-11.16.4/lib/chef/application.rb:236:in `run_chef_client'
/Users/jkeiser/.rbenv/versions/2.1.2/lib/ruby/gems/2.1.0/gems/chef-11.16.4/lib/chef/application/client.rb:338:in `block in run_application'
/Users/jkeiser/.rbenv/versions/2.1.2/lib/ruby/gems/2.1.0/gems/chef-11.16.4/lib/chef/application/client.rb:327:in `loop'
/Users/jkeiser/.rbenv/versions/2.1.2/lib/ruby/gems/2.1.0/gems/chef-11.16.4/lib/chef/application/client.rb:327:in `run_application'
/Users/jkeiser/.rbenv/versions/2.1.2/lib/ruby/gems/2.1.0/gems/chef-11.16.4/lib/chef/application.rb:55:in `run'
/Users/jkeiser/.rbenv/versions/2.1.2/lib/ruby/gems/2.1.0/gems/chef-11.16.4/bin/chef-client:26:in `<top (required)>'
/Users/jkeiser/.rbenv/versions/2.1.2/bin/chef-client:23:in `load'
/Users/jkeiser/.rbenv/versions/2.1.2/bin/chef-client:23:in `<main>'